<?xml version="1.0" encoding="UTF-8"?>
<!-- Generated by org.testng.reporters.JUnitXMLReporter -->
<testsuite hostname="GEO" name="Test" tests="9" failures="1" timestamp="6 Aug 2021 06:37:05 GMT" time="331.416" errors="0">
  <testcase name="ConfigTest" time="31.584" classname="com.testcase.tc.ConfigurationTest"/>
  <testcase name="doMasterTest" time="19.489" classname="com.testcase.tc.MasterDataTest"/>
  <testcase name="doLoginTest" time="7.19" classname="com.testcase.tc.LoginTest"/>
  <testcase name="doDashboardTest" time="8.218" classname="com.testcase.tc.DashboardTest"/>
  <testcase name="doCompanyTest" time="12.114" classname="com.testcase.tc.CompanyTest"/>
  <testcase name="doUserTest" time="19.779" classname="com.testcase.tc.UserTest"/>
  <testcase name="newSKU" time="44.103" classname="com.testcase.tc.SKUTest">
    <failure type="org.openqa.selenium.support.ui.UnexpectedTagNameException" message="Element should have been &amp;quot;select&amp;quot; but was &amp;quot;span&amp;quot;
Build info: version: &amp;apos;3.14.0&amp;apos;, revision: &amp;apos;aacccce0&amp;apos;, time: &amp;apos;2018-08-02T20:19:58.91Z&amp;apos;
System info: host: &amp;apos;GEO&amp;apos;, ip: &amp;apos;192.168.1.8&amp;apos;, os.name: &amp;apos;Windows 10&amp;apos;, os.arch: &amp;apos;amd64&amp;apos;, os.version: &amp;apos;10.0&amp;apos;, java.version: &amp;apos;1.8.0_144&amp;apos;
Driver info: driver.version: unknown">
      <![CDATA[org.openqa.selenium.support.ui.UnexpectedTagNameException: Element should have been "select" but was "span"
Build info: version: '3.14.0', revision: 'aacccce0', time: '2018-08-02T20:19:58.91Z'
System info: host: 'GEO', ip: '192.168.1.8', os.name: 'Windows 10', os.arch: 'amd64', os.version: '10.0', java.version: '1.8.0_144'
Driver info: driver.version: unknown
	at org.openqa.selenium.support.ui.Select.<init>(Select.java:47)
	at com.webapp.base.BaseClass.dropdown(BaseClass.java:34)
	at com.webapp.base.SKU.SKUDetails(SKU.java:172)
	at com.testcase.tc.SKUTest.newSKU(SKUTest.java:29)
	at sun.reflect.NativeMethodAccessorImpl.invoke0(Native Method)
	at sun.reflect.NativeMethodAccessorImpl.invoke(Unknown Source)
	at sun.reflect.DelegatingMethodAccessorImpl.invoke(Unknown Source)
	at java.lang.reflect.Method.invoke(Unknown Source)
	at org.testng.internal.MethodInvocationHelper.invokeMethod(MethodInvocationHelper.java:86)
	at org.testng.internal.Invoker.invokeMethod(Invoker.java:645)
	at org.testng.internal.Invoker.invokeTestMethod(Invoker.java:822)
	at org.testng.internal.Invoker.invokeTestMethods(Invoker.java:1130)
	at org.testng.internal.TestMethodWorker.invokeTestMethods(TestMethodWorker.java:129)
	at org.testng.internal.TestMethodWorker.run(TestMethodWorker.java:112)
	at java.util.concurrent.ThreadPoolExecutor.runWorker(Unknown Source)
	at java.util.concurrent.ThreadPoolExecutor$Worker.run(Unknown Source)
	at java.lang.Thread.run(Unknown Source)
]]>
    </failure>
  </testcase> <!-- newSKU -->
  <testcase name="deleteUser" time="22.159" classname="com.testcase.tc.UserTest"/>
  <testcase name="showUserlist" time="17.946" classname="com.testcase.tc.UserTest"/>
</testsuite> <!-- Test -->
